TN:
SF:/Users/tjohn/hackathons/customer_recomm_platform/michackathon-ui/node_modules/angular2-template-loader/index.js!/Users/tjohn/hackathons/customer_recomm_platform/michackathon-ui/node_modules/tslint-loader/index.js!/Users/tjohn/hackathons/customer_recomm_platform/michackathon-ui/src/main/frontend/test.ts
FN:15,(anonymous_1)
FN:23,(anonymous_2)
FN:30,(anonymous_3)
FN:32,(anonymous_4)
FNF:4
FNH:4
FNDA:1,(anonymous_1)
FNDA:1,(anonymous_2)
FNDA:1,(anonymous_3)
FNDA:1,(anonymous_4)
DA:1,1
DA:3,1
DA:4,1
DA:5,1
DA:6,1
DA:7,1
DA:8,1
DA:15,1
DA:18,1
DA:24,1
DA:30,1
DA:32,1
LF:12
LH:12
BRF:0
BRH:0
end_of_record
TN:
SF:/Users/tjohn/hackathons/customer_recomm_platform/michackathon-ui/node_modules/angular2-template-loader/index.js!/Users/tjohn/hackathons/customer_recomm_platform/michackathon-ui/node_modules/tslint-loader/index.js!/Users/tjohn/hackathons/customer_recomm_platform/michackathon-ui/src/main/frontend/polyfills.ts
FNF:0
FNH:0
DA:3,1
DA:4,1
DA:5,1
DA:6,1
DA:7,1
DA:8,1
DA:9,1
DA:10,1
DA:11,1
DA:12,1
DA:13,1
DA:14,1
DA:15,1
DA:16,1
DA:18,1
DA:19,1
LF:16
LH:16
BRF:0
BRH:0
end_of_record
TN:
SF:/Users/tjohn/hackathons/customer_recomm_platform/michackathon-ui/node_modules/angular2-template-loader/index.js!/Users/tjohn/hackathons/customer_recomm_platform/michackathon-ui/node_modules/tslint-loader/index.js!/Users/tjohn/hackathons/customer_recomm_platform/michackathon-ui/src/main/frontend/app/about/about.component.ts
FN:8,(anonymous_3)
FN:10,AboutComponent
FN:13,(anonymous_5)
FNF:3
FNH:3
FNDA:1,(anonymous_3)
FNDA:2,AboutComponent
FNDA:1,(anonymous_5)
DA:1,1
DA:3,1
DA:8,1
DA:10,1
DA:13,1
DA:14,1
DA:17,1
LF:7
LH:7
BRF:0
BRH:0
end_of_record
TN:
SF:/Users/tjohn/hackathons/customer_recomm_platform/michackathon-ui/node_modules/angular2-template-loader/index.js!/Users/tjohn/hackathons/customer_recomm_platform/michackathon-ui/node_modules/tslint-loader/index.js!/Users/tjohn/hackathons/customer_recomm_platform/michackathon-ui/src/main/frontend/app/access-denied/access-denied.component.ts
FN:8,(anonymous_3)
FN:10,AccessDeniedComponent
FN:13,(anonymous_5)
FNF:3
FNH:3
FNDA:1,(anonymous_3)
FNDA:2,AccessDeniedComponent
FNDA:1,(anonymous_5)
DA:1,1
DA:3,1
DA:8,1
DA:10,1
DA:13,1
DA:14,1
DA:18,1
LF:7
LH:7
BRF:0
BRH:0
end_of_record
TN:
SF:/Users/tjohn/hackathons/customer_recomm_platform/michackathon-ui/node_modules/angular2-template-loader/index.js!/Users/tjohn/hackathons/customer_recomm_platform/michackathon-ui/node_modules/tslint-loader/index.js!/Users/tjohn/hackathons/customer_recomm_platform/michackathon-ui/src/main/frontend/app/app.component.ts
FN:11,(anonymous_3)
FN:18,AppComponent
FN:21,(anonymous_5)
FN:26,(anonymous_6)
FNF:4
FNH:4
FNDA:1,(anonymous_3)
FNDA:5,AppComponent
FNDA:1,(anonymous_5)
FNDA:2,(anonymous_6)
DA:1,1
DA:2,1
DA:3,1
DA:4,1
DA:6,1
DA:11,1
DA:12,5
DA:13,5
DA:14,5
DA:16,5
DA:18,5
DA:21,1
DA:22,1
DA:23,1
DA:26,1
DA:27,2
DA:30,1
LF:17
LH:17
BRF:0
BRH:0
end_of_record
TN:
SF:/Users/tjohn/hackathons/customer_recomm_platform/michackathon-ui/node_modules/angular2-template-loader/index.js!/Users/tjohn/hackathons/customer_recomm_platform/michackathon-ui/node_modules/tslint-loader/index.js!/Users/tjohn/hackathons/customer_recomm_platform/michackathon-ui/src/main/frontend/app/shared/auth/auth.service.ts
FN:6,(anonymous_3)
FN:19,AuthService
FN:15,(anonymous_5)
FN:32,(anonymous_6)
FN:37,(anonymous_7)
FN:41,(anonymous_8)
FN:63,(anonymous_9)
FN:71,(anonymous_10)
FN:80,(anonymous_11)
FN:95,(anonymous_12)
FN:101,(anonymous_13)
FN:108,(anonymous_14)
FN:115,(anonymous_15)
FN:119,(anonymous_16)
FN:123,(anonymous_17)
FN:130,(anonymous_18)
FN:132,(anonymous_19)
FN:140,(anonymous_20)
FN:150,(anonymous_21)
FN:158,(anonymous_22)
FN:177,(anonymous_23)
FN:185,Oauth2TokenData
FNF:22
FNH:11
FNDA:1,(anonymous_3)
FNDA:17,AuthService
FNDA:1,(anonymous_5)
FNDA:12,(anonymous_6)
FNDA:0,(anonymous_7)
FNDA:0,(anonymous_8)
FNDA:0,(anonymous_9)
FNDA:0,(anonymous_10)
FNDA:0,(anonymous_11)
FNDA:0,(anonymous_12)
FNDA:0,(anonymous_13)
FNDA:0,(anonymous_14)
FNDA:0,(anonymous_15)
FNDA:0,(anonymous_16)
FNDA:3,(anonymous_17)
FNDA:3,(anonymous_18)
FNDA:3,(anonymous_19)
FNDA:12,(anonymous_20)
FNDA:2,(anonymous_21)
FNDA:12,(anonymous_22)
FNDA:1,(anonymous_23)
FNDA:0,Oauth2TokenData
DA:1,1
DA:2,1
DA:5,1
DA:6,1
DA:8,17
DA:9,17
DA:10,17
DA:15,1
DA:16,1
DA:19,17
DA:20,17
DA:21,17
DA:22,0
DA:23,0
DA:24,0
DA:25,0
DA:26,0
DA:27,0
DA:32,1
DA:33,12
DA:34,12
DA:37,1
DA:39,0
DA:41,0
DA:43,0
DA:44,0
DA:46,0
DA:47,0
DA:50,0
DA:52,0
DA:53,0
DA:54,0
DA:55,0
DA:57,0
DA:60,0
DA:64,0
DA:65,0
DA:66,0
DA:67,0
DA:68,0
DA:69,0
DA:72,0
DA:73,0
DA:80,1
DA:81,0
DA:83,0
DA:85,0
DA:86,0
DA:87,0
DA:88,0
DA:90,0
DA:92,0
DA:96,0
DA:97,0
DA:98,0
DA:99,0
DA:102,0
DA:108,1
DA:109,0
DA:110,0
DA:111,0
DA:112,0
DA:115,1
DA:116,0
DA:119,1
DA:120,0
DA:123,1
DA:124,3
DA:125,0
DA:127,3
DA:130,3
DA:131,3
DA:132,3
DA:133,3
DA:134,0
DA:137,3
DA:140,1
DA:141,12
DA:142,12
DA:143,9
DA:145,3
DA:147,12
DA:150,1
DA:151,2
DA:152,2
DA:153,0
DA:155,2
DA:158,1
DA:159,12
DA:160,0
DA:161,0
DA:175,1
DA:177,1
DA:178,0
DA:179,0
DA:180,0
DA:181,0
DA:182,0
DA:183,0
DA:185,1
DA:187,1
LF:101
LH:44
BRDA:21,1,0,0
BRDA:21,1,1,17
BRDA:21,2,0,17
BRDA:21,2,1,0
BRDA:25,3,0,0
BRDA:25,3,1,0
BRDA:25,4,0,0
BRDA:25,4,1,0
BRDA:43,5,0,0
BRDA:43,5,1,0
BRDA:46,6,0,0
BRDA:46,6,1,0
BRDA:81,7,0,0
BRDA:81,7,1,0
BRDA:124,8,0,0
BRDA:124,8,1,3
BRDA:133,9,0,0
BRDA:133,9,1,3
BRDA:142,10,0,9
BRDA:142,10,1,3
BRDA:152,11,0,0
BRDA:152,11,1,2
BRDA:159,12,0,0
BRDA:159,12,1,12
BRDA:159,13,0,12
BRDA:159,13,1,0
BRF:26
BRH:9
end_of_record
TN:
SF:/Users/tjohn/hackathons/customer_recomm_platform/michackathon-ui/node_modules/angular2-template-loader/index.js!/Users/tjohn/hackathons/customer_recomm_platform/michackathon-ui/node_modules/tslint-loader/index.js!/Users/tjohn/hackathons/customer_recomm_platform/michackathon-ui/src/main/frontend/app/app.menu.ts
FNF:0
FNH:0
DA:1,1
LF:1
LH:1
BRF:0
BRH:0
end_of_record
TN:
SF:/Users/tjohn/hackathons/customer_recomm_platform/michackathon-ui/node_modules/angular2-template-loader/index.js!/Users/tjohn/hackathons/customer_recomm_platform/michackathon-ui/node_modules/tslint-loader/index.js!/Users/tjohn/hackathons/customer_recomm_platform/michackathon-ui/src/main/frontend/app/testing/testing.modules.ts
FN:62,(anonymous_1)
FNF:1
FNH:1
FNDA:12,(anonymous_1)
DA:1,1
DA:2,1
DA:3,1
DA:27,1
DA:28,1
DA:30,1
DA:57,1
DA:63,12
LF:8
LH:8
BRF:0
BRH:0
end_of_record
TN:
SF:/Users/tjohn/hackathons/customer_recomm_platform/michackathon-ui/node_modules/angular2-template-loader/index.js!/Users/tjohn/hackathons/customer_recomm_platform/michackathon-ui/node_modules/tslint-loader/index.js!/Users/tjohn/hackathons/customer_recomm_platform/michackathon-ui/src/main/frontend/app/crud/crud.component.ts
FN:11,(anonymous_3)
FN:18,CrudComponent
FN:22,(anonymous_5)
FN:27,(anonymous_6)
FN:33,(anonymous_7)
FN:47,(anonymous_8)
FN:51,(anonymous_9)
FN:57,(anonymous_10)
FN:62,(anonymous_11)
FN:65,(anonymous_12)
FN:68,(anonymous_13)
FN:72,(anonymous_14)
FN:75,(anonymous_15)
FN:79,(anonymous_16)
FN:83,(anonymous_17)
FN:86,(anonymous_18)
FN:90,(anonymous_19)
FN:94,(anonymous_20)
FN:95,(anonymous_21)
FN:99,(anonymous_22)
FN:100,(anonymous_23)
FN:104,(anonymous_24)
FN:112,(anonymous_25)
FN:119,(anonymous_26)
FN:126,(anonymous_27)
FNF:25
FNH:7
FNDA:1,(anonymous_3)
FNDA:3,CrudComponent
FNDA:1,(anonymous_5)
FNDA:1,(anonymous_6)
FNDA:1,(anonymous_7)
FNDA:0,(anonymous_8)
FNDA:0,(anonymous_9)
FNDA:0,(anonymous_10)
FNDA:1,(anonymous_11)
FNDA:0,(anonymous_12)
FNDA:0,(anonymous_13)
FNDA:0,(anonymous_14)
FNDA:0,(anonymous_15)
FNDA:0,(anonymous_16)
FNDA:0,(anonymous_17)
FNDA:0,(anonymous_18)
FNDA:0,(anonymous_19)
FNDA:0,(anonymous_20)
FNDA:0,(anonymous_21)
FNDA:0,(anonymous_22)
FNDA:0,(anonymous_23)
FNDA:0,(anonymous_24)
FNDA:1,(anonymous_25)
FNDA:0,(anonymous_26)
FNDA:0,(anonymous_27)
DA:2,1
DA:3,1
DA:4,1
DA:6,1
DA:11,1
DA:13,3
DA:15,3
DA:16,3
DA:18,3
DA:22,1
DA:23,1
DA:24,1
DA:27,1
DA:28,1
DA:29,1
DA:30,1
DA:33,1
DA:34,1
DA:35,1
DA:47,1
DA:48,0
DA:51,1
DA:52,0
DA:53,0
DA:54,0
DA:57,1
DA:58,0
DA:59,0
DA:62,1
DA:63,1
DA:66,0
DA:68,0
DA:72,1
DA:73,0
DA:76,0
DA:77,0
DA:79,0
DA:83,1
DA:84,0
DA:87,0
DA:88,0
DA:90,0
DA:94,1
DA:95,0
DA:96,0
DA:99,1
DA:100,0
DA:101,0
DA:102,0
DA:104,0
DA:105,0
DA:106,0
DA:109,0
DA:112,1
DA:113,1
DA:114,1
DA:115,0
DA:119,1
DA:120,0
DA:121,0
DA:123,0
DA:124,0
DA:126,0
DA:127,0
DA:128,0
DA:129,0
DA:131,0
DA:135,1
LF:68
LH:33
BRDA:101,1,0,0
BRDA:101,1,1,0
BRDA:114,2,0,0
BRDA:114,2,1,1
BRDA:120,3,0,0
BRDA:120,3,1,0
BRDA:128,4,0,0
BRDA:128,4,1,0
BRF:8
BRH:1
end_of_record
TN:
SF:/Users/tjohn/hackathons/customer_recomm_platform/michackathon-ui/node_modules/angular2-template-loader/index.js!/Users/tjohn/hackathons/customer_recomm_platform/michackathon-ui/node_modules/tslint-loader/index.js!/Users/tjohn/hackathons/customer_recomm_platform/michackathon-ui/src/main/frontend/app/home/home.component.ts
FN:10,(anonymous_3)
FN:16,HomeComponent
FN:20,(anonymous_5)
FN:22,(anonymous_6)
FNF:4
FNH:3
FNDA:1,(anonymous_3)
FNDA:2,HomeComponent
FNDA:1,(anonymous_5)
FNDA:0,(anonymous_6)
DA:1,1
DA:2,1
DA:3,1
DA:5,1
DA:10,1
DA:12,2
DA:14,2
DA:16,2
DA:20,2
DA:21,1
DA:22,1
DA:24,1
LF:12
LH:12
BRF:0
BRH:0
end_of_record
TN:
SF:/Users/tjohn/hackathons/customer_recomm_platform/michackathon-ui/node_modules/angular2-template-loader/index.js!/Users/tjohn/hackathons/customer_recomm_platform/michackathon-ui/node_modules/tslint-loader/index.js!/Users/tjohn/hackathons/customer_recomm_platform/michackathon-ui/src/main/frontend/app/home/shared/title.service.ts
FN:7,(anonymous_3)
FN:10,TitleService
FN:13,(anonymous_5)
FN:19,(anonymous_6)
FNF:4
FNH:3
FNDA:1,(anonymous_3)
FNDA:3,TitleService
FNDA:1,(anonymous_5)
FNDA:0,(anonymous_6)
DA:1,1
DA:2,1
DA:3,1
DA:6,1
DA:7,1
DA:8,3
DA:10,3
DA:13,1
DA:14,1
DA:16,1
DA:19,0
DA:21,1
LF:12
LH:11
BRF:0
BRH:0
end_of_record
TN:
SF:/Users/tjohn/hackathons/customer_recomm_platform/michackathon-ui/node_modules/angular2-template-loader/index.js!/Users/tjohn/hackathons/customer_recomm_platform/michackathon-ui/node_modules/tslint-loader/index.js!/Users/tjohn/hackathons/customer_recomm_platform/michackathon-ui/src/main/frontend/app/login/login.component.ts
FN:10,(anonymous_3)
FN:17,LoginComponent
FN:20,(anonymous_5)
FN:24,(anonymous_6)
FN:25,(anonymous_7)
FN:33,(anonymous_8)
FNF:6
FNH:3
FNDA:1,(anonymous_3)
FNDA:2,LoginComponent
FNDA:0,(anonymous_5)
FNDA:0,(anonymous_6)
FNDA:0,(anonymous_7)
FNDA:1,(anonymous_8)
DA:1,1
DA:2,1
DA:3,1
DA:5,1
DA:10,1
DA:13,2
DA:14,2
DA:15,2
DA:17,2
DA:20,1
DA:21,0
DA:22,0
DA:24,0
DA:26,0
DA:27,0
DA:33,1
DA:34,1
DA:36,1
LF:18
LH:13
BRDA:26,1,0,0
BRDA:26,1,1,0
BRF:2
BRH:0
end_of_record
TN:
SF:/Users/tjohn/hackathons/customer_recomm_platform/michackathon-ui/node_modules/angular2-template-loader/index.js!/Users/tjohn/hackathons/customer_recomm_platform/michackathon-ui/node_modules/tslint-loader/index.js!/Users/tjohn/hackathons/customer_recomm_platform/michackathon-ui/src/main/frontend/app/not-found/not-found.component.ts
FN:8,(anonymous_3)
FN:10,NotFoundComponent
FN:13,(anonymous_5)
FNF:3
FNH:2
FNDA:1,(anonymous_3)
FNDA:1,NotFoundComponent
FNDA:0,(anonymous_5)
DA:1,1
DA:3,1
DA:8,1
DA:10,1
DA:13,1
DA:14,0
DA:17,1
LF:7
LH:6
BRF:0
BRH:0
end_of_record
TN:
SF:/Users/tjohn/hackathons/customer_recomm_platform/michackathon-ui/node_modules/angular2-template-loader/index.js!/Users/tjohn/hackathons/customer_recomm_platform/michackathon-ui/node_modules/tslint-loader/index.js!/Users/tjohn/hackathons/customer_recomm_platform/michackathon-ui/src/main/frontend/app/playground/playground.component.ts
FN:8,(anonymous_3)
FN:10,PlaygroundComponent
FN:13,(anonymous_5)
FNF:3
FNH:2
FNDA:1,(anonymous_3)
FNDA:1,PlaygroundComponent
FNDA:0,(anonymous_5)
DA:1,1
DA:3,1
DA:8,1
DA:10,1
DA:13,1
DA:14,0
DA:17,1
LF:7
LH:6
BRF:0
BRH:0
end_of_record
TN:
SF:/Users/tjohn/hackathons/customer_recomm_platform/michackathon-ui/node_modules/angular2-template-loader/index.js!/Users/tjohn/hackathons/customer_recomm_platform/michackathon-ui/node_modules/tslint-loader/index.js!/Users/tjohn/hackathons/customer_recomm_platform/michackathon-ui/src/main/frontend/app/playground/shared/hero-app/hero-app.component.ts
FN:10,(anonymous_3)
FN:16,HeroAppComponent
FN:19,(anonymous_5)
FN:20,(anonymous_6)
FN:23,(anonymous_7)
FN:27,(anonymous_8)
FNF:6
FNH:2
FNDA:1,(anonymous_3)
FNDA:1,HeroAppComponent
FNDA:0,(anonymous_5)
FNDA:0,(anonymous_6)
FNDA:0,(anonymous_7)
FNDA:0,(anonymous_8)
DA:1,1
DA:2,1
DA:5,1
DA:10,1
DA:12,1
DA:16,1
DA:19,1
DA:20,0
DA:23,1
DA:24,0
DA:27,1
DA:28,0
DA:31,1
LF:13
LH:10
BRF:0
BRH:0
end_of_record
TN:
SF:/Users/tjohn/hackathons/customer_recomm_platform/michackathon-ui/node_modules/angular2-template-loader/index.js!/Users/tjohn/hackathons/customer_recomm_platform/michackathon-ui/node_modules/tslint-loader/index.js!/Users/tjohn/hackathons/customer_recomm_platform/michackathon-ui/src/main/frontend/app/playground/shared/hero.service.ts
FN:7,(anonymous_3)
FN:9,HeroService
FN:12,(anonymous_5)
FN:17,(anonymous_6)
FN:18,(anonymous_7)
FN:19,(anonymous_8)
FNF:6
FNH:2
FNDA:1,(anonymous_3)
FNDA:2,HeroService
FNDA:0,(anonymous_5)
FNDA:0,(anonymous_6)
FNDA:0,(anonymous_7)
FNDA:0,(anonymous_8)
DA:1,1
DA:2,1
DA:6,1
DA:7,1
DA:9,1
DA:12,1
DA:13,0
DA:17,1
DA:18,0
DA:19,0
DA:22,1
LF:11
LH:8
BRF:0
BRH:0
end_of_record
TN:
SF:/Users/tjohn/hackathons/customer_recomm_platform/michackathon-ui/node_modules/angular2-template-loader/index.js!/Users/tjohn/hackathons/customer_recomm_platform/michackathon-ui/node_modules/tslint-loader/index.js!/Users/tjohn/hackathons/customer_recomm_platform/michackathon-ui/src/main/frontend/app/playground/shared/mock-heroes.ts
FNF:0
FNH:0
DA:3,1
LF:1
LH:1
BRF:0
BRH:0
end_of_record
TN:
SF:/Users/tjohn/hackathons/customer_recomm_platform/michackathon-ui/node_modules/angular2-template-loader/index.js!/Users/tjohn/hackathons/customer_recomm_platform/michackathon-ui/node_modules/tslint-loader/index.js!/Users/tjohn/hackathons/customer_recomm_platform/michackathon-ui/src/main/frontend/app/playground/shared/hero-detail/hero-detail.component.ts
FN:9,(anonymous_3)
FN:14,HeroDetailComponent
FN:17,(anonymous_5)
FNF:3
FNH:2
FNDA:1,(anonymous_3)
FNDA:1,HeroDetailComponent
FNDA:0,(anonymous_5)
DA:1,1
DA:2,1
DA:4,1
DA:9,1
DA:11,1
DA:14,1
DA:17,1
DA:20,1
LF:8
LH:8
BRF:0
BRH:0
end_of_record
TN:
SF:/Users/tjohn/hackathons/customer_recomm_platform/michackathon-ui/node_modules/angular2-template-loader/index.js!/Users/tjohn/hackathons/customer_recomm_platform/michackathon-ui/node_modules/tslint-loader/index.js!/Users/tjohn/hackathons/customer_recomm_platform/michackathon-ui/src/main/frontend/app/playground/shared/hero.ts
FNF:0
FNH:0
LF:0
LH:0
BRF:0
BRH:0
end_of_record
TN:
SF:/Users/tjohn/hackathons/customer_recomm_platform/michackathon-ui/node_modules/angular2-template-loader/index.js!/Users/tjohn/hackathons/customer_recomm_platform/michackathon-ui/node_modules/tslint-loader/index.js!/Users/tjohn/hackathons/customer_recomm_platform/michackathon-ui/src/main/frontend/app/shared/guards/admin.guard.ts
FN:7,(anonymous_3)
FN:8,AdminGuard
FN:11,(anonymous_5)
FNF:3
FNH:2
FNDA:1,(anonymous_3)
FNDA:1,AdminGuard
FNDA:0,(anonymous_5)
DA:1,1
DA:2,1
DA:3,1
DA:6,1
DA:7,1
DA:8,1
DA:11,1
DA:12,0
DA:13,0
DA:15,0
DA:16,0
DA:18,1
LF:12
LH:8
BRDA:12,1,0,0
BRDA:12,1,1,0
BRF:2
BRH:0
end_of_record
TN:
SF:/Users/tjohn/hackathons/customer_recomm_platform/michackathon-ui/node_modules/angular2-template-loader/index.js!/Users/tjohn/hackathons/customer_recomm_platform/michackathon-ui/node_modules/tslint-loader/index.js!/Users/tjohn/hackathons/customer_recomm_platform/michackathon-ui/src/main/frontend/app/shared/guards/authenticated.guard.ts
FN:7,(anonymous_3)
FN:8,AuthenticatedGuard
FN:11,(anonymous_5)
FNF:3
FNH:2
FNDA:1,(anonymous_3)
FNDA:1,AuthenticatedGuard
FNDA:0,(anonymous_5)
DA:1,1
DA:2,1
DA:3,1
DA:6,1
DA:7,1
DA:8,1
DA:11,1
DA:12,0
DA:13,0
DA:15,0
DA:16,0
DA:18,1
LF:12
LH:8
BRDA:12,1,0,0
BRDA:12,1,1,0
BRF:2
BRH:0
end_of_record
TN:
SF:/Users/tjohn/hackathons/customer_recomm_platform/michackathon-ui/node_modules/angular2-template-loader/index.js!/Users/tjohn/hackathons/customer_recomm_platform/michackathon-ui/node_modules/tslint-loader/index.js!/Users/tjohn/hackathons/customer_recomm_platform/michackathon-ui/src/main/frontend/app/shared/guards/unauthenticated.guard.ts
FN:6,(anonymous_3)
FN:7,UnauthenticatedGuard
FN:10,(anonymous_5)
FNF:3
FNH:2
FNDA:1,(anonymous_3)
FNDA:1,UnauthenticatedGuard
FNDA:0,(anonymous_5)
DA:1,1
DA:2,1
DA:3,1
DA:5,1
DA:6,1
DA:7,1
DA:10,1
DA:11,0
DA:12,0
DA:14,0
DA:15,0
DA:17,1
LF:12
LH:8
BRDA:11,1,0,0
BRDA:11,1,1,0
BRF:2
BRH:0
end_of_record
TN:
SF:/Users/tjohn/hackathons/customer_recomm_platform/michackathon-ui/node_modules/angular2-template-loader/index.js!/Users/tjohn/hackathons/customer_recomm_platform/michackathon-ui/node_modules/tslint-loader/index.js!/Users/tjohn/hackathons/customer_recomm_platform/michackathon-ui/src/main/frontend/app/shared/large/large.directive.ts
FN:6,(anonymous_3)
FN:8,LargeDirective
FNF:2
FNH:2
FNDA:1,(anonymous_3)
FNDA:2,LargeDirective
DA:1,1
DA:3,1
DA:6,1
DA:8,1
DA:9,2
DA:10,2
DA:13,1
LF:7
LH:7
BRF:0
BRH:0
end_of_record
